<?xml version="1.0" encoding="UTF-8"?>
<!-- Generated by org.testng.reporters.JUnitXMLReporter -->
<testsuite hostname="LAPTOP-K3RI6269" ignored="1" tests="3" failures="0" timestamp="28 May 2019 06:28:50 GMT" time="0.054" errors="0">
  <testcase name="bTestCase" time="0.008" classname="Annotations"/>
  <testcase name="browserLaunch" time="0.001" classname="Prioritization"/>
  <testcase name="appLaunch" time="0.001" classname="Prioritization"/>
  <testcase name="aTestCase" time="0.0" classname="Annotations">
    <ignored/>
  </testcase> <!-- aTestCase -->
</testsuite>
