<?xml version="1.0" encoding="UTF-8"?>
<!-- Generated by org.testng.reporters.JUnitXMLReporter -->
<testsuite hostname="LAPTOP-K3RI6269" ignored="0" tests="5" failures="0" timestamp="05 May 2019 07:35:02 GMT" time="63.576" errors="0">
  <testcase name="launchBrowser" time="13.085" classname="ParallelExecution"/>
  <testcase name="launchApp" time="41.628" classname="ParallelExecution"/>
  <testcase name="verifyUrl" time="0.014" classname="ParallelExecution"/>
  <testcase name="verifyLogin" time="8.352" classname="ParallelExecution"/>
  <testcase name="closeBrowser" time="0.36" classname="ParallelExecution"/>
</testsuite>
