<?xml version="1.0" encoding="UTF-8"?>
<!-- Generated by org.testng.reporters.JUnitXMLReporter -->
<testsuite hostname="LAPTOP-K3RI6269" ignored="0" tests="5" failures="0" timestamp="05 May 2019 07:35:02 GMT" time="61.167" errors="0">
  <testcase name="launchBrowser" time="13.085" classname="ParallelExecution"/>
  <testcase name="launchApp" time="17.322" classname="ParallelExecution"/>
  <testcase name="verifyUrl" time="0.019" classname="ParallelExecution"/>
  <testcase name="verifyLogin" time="27.535" classname="ParallelExecution"/>
  <testcase name="closeBrowser" time="3.067" classname="ParallelExecution"/>
</testsuite>
