<?xml version="1.0" encoding="UTF-8"?>
<!-- Generated by org.testng.reporters.JUnitXMLReporter -->
<testsuite hostname="LAPTOP-K3RI6269" ignored="1" tests="12" failures="0" timestamp="05 May 2019 06:34:57 GMT" time="0.048" errors="0">
  <testcase name="aTestCase" time="0.007" classname="GroupingDemo"/>
  <testcase name="bTestCase" time="0.002" classname="GroupingDemo"/>
  <testcase name="cTestCase" time="0.001" classname="GroupingDemo"/>
  <testcase name="dTestCase" time="0.002" classname="GroupingDemo"/>
  <testcase name="eTestCase" time="0.001" classname="GroupingDemo"/>
  <testcase name="gTestCase" time="0.001" classname="GroupingDemo"/>
  <testcase name="hTestCase" time="0.001" classname="GroupingDemo"/>
  <testcase name="aTestCase" time="0.001" classname="GroupingDemo2"/>
  <testcase name="cTestCase" time="0.001" classname="GroupingDemo2"/>
  <testcase name="dTestCase" time="0.0" classname="GroupingDemo2"/>
  <testcase name="fTestCase" time="0.001" classname="GroupingDemo2"/>
  <testcase name="hTestCase" time="0.001" classname="GroupingDemo2"/>
  <testcase name="fTestCase" time="0.0" classname="GroupingDemo">
    <ignored/>
  </testcase> <!-- fTestCase -->
</testsuite>
